<?xml version="1.0" encoding="UTF-8"?>
<testsuite xmlns:xsi="http://www.w3.org/2001/XMLSchema-instance" xsi:noNamespaceSchemaLocation="https://maven.apache.org/surefire/maven-surefire-plugin/xsd/surefire-test-report.xsd" name="MainOtusPageTest" time="23.802" tests="2" errors="2" skipped="0" failures="0">
  <properties>
[...]
</properties>
  <testcase name="clickEarliestCourseTest" classname="MainOtusPageTest" time="10.082">
    <error message="The element reference of &lt;a class=&quot;js-stats lessons__new-item lessons__new-item_hovered&quot; href=&quot;/lessons/advanced-ml/&quot;&gt; is stale; either the element is no longer attached to the DOM, it is not in the current frame context, or the document has been refreshed&#10;For documentation on this error, please visit: https://www.seleniumhq.org/exceptions/stale_element_reference.html&#10;Build info: version: &apos;3.141.59&apos;, revision: &apos;e82be7d358&apos;, time: &apos;2018-11-14T08:17:03&apos;&#10;System info: host: &apos;DESKTOP-BSMNJSQ&apos;, ip: &apos;192.168.1.67&apos;, os.name: &apos;Windows 10&apos;, os.arch: &apos;amd64&apos;, os.version: &apos;10.0&apos;, java.version: &apos;11.0.10&apos;&#10;Driver info: org.openqa.selenium.firefox.FirefoxDriver&#10;Capabilities {acceptInsecureCerts: true, browserName: firefox, browserVersion: 102.0.1, javascriptEnabled: true, moz:accessibilityChecks: false, moz:buildID: 20220705093820, moz:geckodriverVersion: 0.31.0, moz:headless: false, moz:processID: 16112, moz:profile: C:\Users\maria\AppData\Loca..., moz:shutdownTimeout: 60000, moz:useNonSpecCompliantPointerOrigin: false, moz:webdriverClick: true, moz:windowless: false, pageLoadStrategy: normal, platform: WINDOWS, platformName: WINDOWS, platformVersion: 10.0, proxy: Proxy(), setWindowRect: true, strictFileInteractability: false, timeouts: {implicit: 0, pageLoad: 300000, script: 30000}, unhandledPromptBehavior: dismiss and notify}&#10;Session ID: 1acb56b3-1da6-4a4d-a755-ae4f8b18afc0" type="org.openqa.selenium.StaleElementReferenceException"><![CDATA[org.openqa.selenium.StaleElementReferenceException: 
The element reference of <a class="js-stats lessons__new-item lessons__new-item_hovered" href="/lessons/advanced-ml/"> is stale; either the element is no longer attached to the DOM, it is not in the current frame context, or the document has been refreshed
For documentation on this error, please visit: https://www.seleniumhq.org/exceptions/stale_element_reference.html
Build info: version: '3.141.59', revision: 'e82be7d358', time: '2018-11-14T08:17:03'
System info: host: 'DESKTOP-BSMNJSQ', ip: '192.168.1.67', os.name: 'Windows 10', os.arch: 'amd64', os.version: '10.0', java.version: '11.0.10'
Driver info: org.openqa.selenium.firefox.FirefoxDriver
Capabilities {acceptInsecureCerts: true, browserName: firefox, browserVersion: 102.0.1, javascriptEnabled: true, moz:accessibilityChecks: false, moz:buildID: 20220705093820, moz:geckodriverVersion: 0.31.0, moz:headless: false, moz:processID: 16112, moz:profile: C:\Users\maria\AppData\Loca..., moz:shutdownTimeout: 60000, moz:useNonSpecCompliantPointerOrigin: false, moz:webdriverClick: true, moz:windowless: false, pageLoadStrategy: normal, platform: WINDOWS, platformName: WINDOWS, platformVersion: 10.0, proxy: Proxy(), setWindowRect: true, strictFileInteractability: false, timeouts: {implicit: 0, pageLoad: 300000, script: 30000}, unhandledPromptBehavior: dismiss and notify}
Session ID: 1acb56b3-1da6-4a4d-a755-ae4f8b18afc0
	at MainOtusPageTest.clickEarliestCourseTest(MainOtusPageTest.java:21)
]]></error>
    <system-err><![CDATA[SLF4J: Failed to load class "org.slf4j.impl.StaticLoggerBinder".
SLF4J: Defaulting to no-operation (NOP) logger implementation
SLF4J: See http://www.slf4j.org/codes.html#StaticLoggerBinder for further details.
1658389404317	geckodriver	INFO	Listening on 127.0.0.1:3147
1658389404879	mozrunner::runner	INFO	Running command: "C:\\Program Files\\Mozilla Firefox\\firefox.exe" "--marionette" "--enable-extensions" "--ignore-certificate-errors" "-no-remote" "-profile" "C:\\Users\\maria\\AppData\\Local\\Temp\\rust_mozprofileHMWbt5"
1658389405176	Marionette	INFO	Marionette enabled
1658389405182	Marionette	INFO	Listening on port 51704
Read port: 51704
1658389405297	RemoteAgent	WARN	TLS certificate errors will be ignored for this session
console.warn: SearchSettings: "get: No settings file exists, new profile?" (new NotFoundError("Could not open the file at C:\\Users\\maria\\AppData\\Local\\Temp\\rust_mozprofileHMWbt5\\search.json.mozlz4", (void 0)))
июл. 21, 2022 10:43:26 AM org.openqa.selenium.remote.ProtocolHandshake createSession
INFO: Detected dialect: W3C
JavaScript warning: https://mc.yandex.ru/metrika/tag.js, line 18: WEBGL_debug_renderer_info is deprecated in Firefox and will be removed. Please use RENDERER.
1658389411946	Marionette	INFO	Stopped listening on port 51704
]]></system-err>
  </testcase>
  <testcase name="clickOldestCourseTest" classname="MainOtusPageTest" time="13.711">
    <error message="The element reference of &lt;a class=&quot;js-stats lessons__new-item lessons__new-item_hovered&quot; href=&quot;/lessons/linux-professional/&quot;&gt; is stale; either the element is no longer attached to the DOM, it is not in the current frame context, or the document has been refreshed&#10;For documentation on this error, please visit: https://www.seleniumhq.org/exceptions/stale_element_reference.html&#10;Build info: version: &apos;3.141.59&apos;, revision: &apos;e82be7d358&apos;, time: &apos;2018-11-14T08:17:03&apos;&#10;System info: host: &apos;DESKTOP-BSMNJSQ&apos;, ip: &apos;192.168.1.67&apos;, os.name: &apos;Windows 10&apos;, os.arch: &apos;amd64&apos;, os.version: &apos;10.0&apos;, java.version: &apos;11.0.10&apos;&#10;Driver info: org.openqa.selenium.firefox.FirefoxDriver&#10;Capabilities {acceptInsecureCerts: true, browserName: firefox, browserVersion: 102.0.1, javascriptEnabled: true, moz:accessibilityChecks: false, moz:buildID: 20220705093820, moz:geckodriverVersion: 0.31.0, moz:headless: false, moz:processID: 15684, moz:profile: C:\Users\maria\AppData\Loca..., moz:shutdownTimeout: 60000, moz:useNonSpecCompliantPointerOrigin: false, moz:webdriverClick: true, moz:windowless: false, pageLoadStrategy: normal, platform: WINDOWS, platformName: WINDOWS, platformVersion: 10.0, proxy: Proxy(), setWindowRect: true, strictFileInteractability: false, timeouts: {implicit: 0, pageLoad: 300000, script: 30000}, unhandledPromptBehavior: dismiss and notify}&#10;Session ID: 8de76eb2-ed07-4f86-a2ae-fc50c29eab49" type="org.openqa.selenium.StaleElementReferenceException"><![CDATA[org.openqa.selenium.StaleElementReferenceException: 
The element reference of <a class="js-stats lessons__new-item lessons__new-item_hovered" href="/lessons/linux-professional/"> is stale; either the element is no longer attached to the DOM, it is not in the current frame context, or the document has been refreshed
For documentation on this error, please visit: https://www.seleniumhq.org/exceptions/stale_element_reference.html
Build info: version: '3.141.59', revision: 'e82be7d358', time: '2018-11-14T08:17:03'
System info: host: 'DESKTOP-BSMNJSQ', ip: '192.168.1.67', os.name: 'Windows 10', os.arch: 'amd64', os.version: '10.0', java.version: '11.0.10'
Driver info: org.openqa.selenium.firefox.FirefoxDriver
Capabilities {acceptInsecureCerts: true, browserName: firefox, browserVersion: 102.0.1, javascriptEnabled: true, moz:accessibilityChecks: false, moz:buildID: 20220705093820, moz:geckodriverVersion: 0.31.0, moz:headless: false, moz:processID: 15684, moz:profile: C:\Users\maria\AppData\Loca..., moz:shutdownTimeout: 60000, moz:useNonSpecCompliantPointerOrigin: false, moz:webdriverClick: true, moz:windowless: false, pageLoadStrategy: normal, platform: WINDOWS, platformName: WINDOWS, platformVersion: 10.0, proxy: Proxy(), setWindowRect: true, strictFileInteractability: false, timeouts: {implicit: 0, pageLoad: 300000, script: 30000}, unhandledPromptBehavior: dismiss and notify}
Session ID: 8de76eb2-ed07-4f86-a2ae-fc50c29eab49
	at MainOtusPageTest.clickOldestCourseTest(MainOtusPageTest.java:30)
]]></error>
    <system-err><![CDATA[1658389413135	geckodriver	INFO	Listening on 127.0.0.1:19868
1658389413632	mozrunner::runner	INFO	Running command: "C:\\Program Files\\Mozilla Firefox\\firefox.exe" "--marionette" "--enable-extensions" "--ignore-certificate-errors" "-no-remote" "-profile" "C:\\Users\\maria\\AppData\\Local\\Temp\\rust_mozprofileU04vwx"
1658389413902	Marionette	INFO	Marionette enabled
1658389413907	Marionette	INFO	Listening on port 51836
Read port: 51836
1658389414092	RemoteAgent	WARN	TLS certificate errors will be ignored for this session
console.warn: SearchSettings: "get: No settings file exists, new profile?" (new NotFoundError("Could not open the file at C:\\Users\\maria\\AppData\\Local\\Temp\\rust_mozprofileU04vwx\\search.json.mozlz4", (void 0)))
июл. 21, 2022 10:43:35 AM org.openqa.selenium.remote.ProtocolHandshake createSession
INFO: Detected dialect: W3C
JavaScript warning: https://mc.yandex.ru/metrika/tag.js, line 18: WEBGL_debug_renderer_info is deprecated in Firefox and will be removed. Please use RENDERER.
1658389425764	Marionette	INFO	Stopped listening on port 51836
[Parent 15684, IPC I/O Parent] WARNING: file /builds/worker/checkouts/gecko/ipc/chromium/src/base/process_util_win.cc:167
]]></system-err>
  </testcase>
</testsuite>